{"level":"error","message":"Failed to connect to database The `uri` parameter to `openUri()` must be a string, got \"undefined\". Make sure the first parameter to `mongoose.connect()` or `mongoose.createConnection()` is a string.","service":"user-service","stack":"MongooseError: The `uri` parameter to `openUri()` must be a string, got \"undefined\". Make sure the first parameter to `mongoose.connect()` or `mongoose.createConnection()` is a string.\n    at _createMongoClient (C:\\Assignments\\Level-2-assignment-3-tauhidhasan\\node_modules\\mongoose\\lib\\connection.js:805:11)\n    at NativeConnection.openUri (C:\\Assignments\\Level-2-assignment-3-tauhidhasan\\node_modules\\mongoose\\lib\\connection.js:742:29)\n    at Mongoose.connect (C:\\Assignments\\Level-2-assignment-3-tauhidhasan\\node_modules\\mongoose\\lib\\index.js:406:15)\n    at C:\\Assignments\\Level-2-assignment-3-tauhidhasan\\src\\server.ts:8:20\n    at Generator.next (<anonymous>)\n    at C:\\Assignments\\Level-2-assignment-3-tauhidhasan\\src\\server.ts:8:71\n    at new Promise (<anonymous>)\n    at __awaiter (C:\\Assignments\\Level-2-assignment-3-tauhidhasan\\src\\server.ts:4:12)\n    at bootstrap (C:\\Assignments\\Level-2-assignment-3-tauhidhasan\\src\\server.ts:20:12)\n    at Object.<anonymous> (C:\\Assignments\\Level-2-assignment-3-tauhidhasan\\src\\server.ts:18:1)"}
Tue Jun 20 2023 22:12:38 [ERROR-COW-HUT-ERROR!] error: Failed to connect to database The `uri` parameter to `openUri()` must be a string, got "undefined". Make sure the first parameter to `mongoose.connect()` or `mongoose.createConnection()` is a string.
Tue Jun 20 2023 22:13:32 [ERROR-COW-HUT-ERROR!] error: Failed to connect to database The `uri` parameter to `openUri()` must be a string, got "undefined". Make sure the first parameter to `mongoose.connect()` or `mongoose.createConnection()` is a string.
Tue Jun 20 2023 22:13:45 [ERROR-COW-HUT-ERROR!] error: Failed to connect to database The `uri` parameter to `openUri()` must be a string, got "undefined". Make sure the first parameter to `mongoose.connect()` or `mongoose.createConnection()` is a string.
{
  service: 'user-service',
  level: 'error',
  message: 'Failed to connect to database The `uri` parameter to `openUri()` must be a string, got "undefined". Make sure the first parameter to `mongoose.connect()` or `mongoose.createConnection()` is a string.',
  stack: 'MongooseError: The `uri` parameter to `openUri()` must be a string, got "undefined". Make sure the first parameter to `mongoose.connect()` or `mongoose.createConnection()` is a string.\n' +
    '    at _createMongoClient (C:\\Assignments\\Level-2-assignment-3-tauhidhasan\\node_modules\\mongoose\\lib\\connection.js:805:11)\n' +
    '    at NativeConnection.openUri (C:\\Assignments\\Level-2-assignment-3-tauhidhasan\\node_modules\\mongoose\\lib\\connection.js:742:29)\n' +
    '    at Mongoose.connect (C:\\Assignments\\Level-2-assignment-3-tauhidhasan\\node_modules\\mongoose\\lib\\index.js:406:15)\n' +
    '    at C:\\Assignments\\Level-2-assignment-3-tauhidhasan\\src\\server.ts:8:20\n' +
    '    at Generator.next (<anonymous>)\n' +
    '    at C:\\Assignments\\Level-2-assignment-3-tauhidhasan\\src\\server.ts:8:71\n' +
    '    at new Promise (<anonymous>)\n' +
    '    at __awaiter (C:\\Assignments\\Level-2-assignment-3-tauhidhasan\\src\\server.ts:4:12)\n' +
    '    at bootstrap (C:\\Assignments\\Level-2-assignment-3-tauhidhasan\\src\\server.ts:20:12)\n' +
    '    at Object.<anonymous> (C:\\Assignments\\Level-2-assignment-3-tauhidhasan\\src\\server.ts:18:1)',
  label: 'ERROR-COW-HUT-ERROR!',
  timestamp: '2023-06-20T19:13:54.494Z'
}
{
  service: 'user-service',
  level: 'error',
  message: 'Failed to connect to database The `uri` parameter to `openUri()` must be a string, got "undefined". Make sure the first parameter to `mongoose.connect()` or `mongoose.createConnection()` is a string.',
  stack: 'MongooseError: The `uri` parameter to `openUri()` must be a string, got "undefined". Make sure the first parameter to `mongoose.connect()` or `mongoose.createConnection()` is a string.\n' +
    '    at _createMongoClient (C:\\Assignments\\Level-2-assignment-3-tauhidhasan\\node_modules\\mongoose\\lib\\connection.js:805:11)\n' +
    '    at NativeConnection.openUri (C:\\Assignments\\Level-2-assignment-3-tauhidhasan\\node_modules\\mongoose\\lib\\connection.js:742:29)\n' +
    '    at Mongoose.connect (C:\\Assignments\\Level-2-assignment-3-tauhidhasan\\node_modules\\mongoose\\lib\\index.js:406:15)\n' +
    '    at C:\\Assignments\\Level-2-assignment-3-tauhidhasan\\src\\server.ts:8:20\n' +
    '    at Generator.next (<anonymous>)\n' +
    '    at C:\\Assignments\\Level-2-assignment-3-tauhidhasan\\src\\server.ts:8:71\n' +
    '    at new Promise (<anonymous>)\n' +
    '    at __awaiter (C:\\Assignments\\Level-2-assignment-3-tauhidhasan\\src\\server.ts:4:12)\n' +
    '    at bootstrap (C:\\Assignments\\Level-2-assignment-3-tauhidhasan\\src\\server.ts:20:12)\n' +
    '    at Object.<anonymous> (C:\\Assignments\\Level-2-assignment-3-tauhidhasan\\src\\server.ts:18:1)',
  label: 'ERROR-COW-HUT-ERROR!',
  timestamp: '2023-06-20T19:14:02.187Z'
}
Tue Jun 20 2023 22:15:53 [ERROR-COW-HUT-ERROR!] error: Failed to connect to database The `uri` parameter to `openUri()` must be a string, got "undefined". Make sure the first parameter to `mongoose.connect()` or `mongoose.createConnection()` is a string.
Tue Jun 20 2023 22:15:57 [ERROR-COW-HUT-ERROR!] error: Failed to connect to database The `uri` parameter to `openUri()` must be a string, got "undefined". Make sure the first parameter to `mongoose.connect()` or `mongoose.createConnection()` is a string.
Tue Jun 20 2023 22:15:59 [ERROR-COW-HUT-ERROR!] error: Failed to connect to database The `uri` parameter to `openUri()` must be a string, got "undefined". Make sure the first parameter to `mongoose.connect()` or `mongoose.createConnection()` is a string.
Tue Jun 20 2023 22:16:5 [ERROR-COW-HUT-ERROR!] error: Failed to connect to database The `uri` parameter to `openUri()` must be a string, got "undefined". Make sure the first parameter to `mongoose.connect()` or `mongoose.createConnection()` is a string.
Tue Jun 20 2023 22:16:7 [ERROR-COW-HUT-ERROR!] error: Failed to connect to database The `uri` parameter to `openUri()` must be a string, got "undefined". Make sure the first parameter to `mongoose.connect()` or `mongoose.createConnection()` is a string.
