{"level":"info","message":"Database connected successfully","service":"user-service"}
{
  message: 'Database connected successfully',
  level: 'info',
  service: 'user-service',
  label: 'right meow!',
  timestamp: '2023-06-20T19:01:43.222Z'
}
{
  message: 'Database connected successfully',
  level: 'info',
  service: 'user-service',
  label: 'right meow!',
  timestamp: '2023-06-20T19:01:47.034Z'
}
2023-06-20T19:08:08.383Z [right meow!] info: Database connected successfully
2023-06-20T19:08:24.658Z [S!] info: Database connected successfully
2023-06-20T19:08:31.957Z [SUCCESS!] info: Database connected successfully
2023-06-20T19:08:46.884Z [COW!] info: Database connected successfully
2023-06-20T19:08:51.253Z [CH!] info: Database connected successfully
2023-06-20T19:09:01.270Z [COW-HUT-SUCCESS!] info: Database connected successfully
2023-06-20T19:09:16.631Z [SUCCESS-COW-HUT!] info: Database connected successfully
2023-06-20T19:09:24.085Z [SUCCESS-COW-HUT-SUCCESS!] info: Database connected successfully
Tue Jun 20 2023 22:10:39 [SUCCESS-COW-HUT-SUCCESS!] info: Database connected successfully
Tue Jun 20 2023 22:11:45 [SUCCESS-COW-HUT-SUCCESS!] info: Database connected successfully
Tue Jun 20 2023 22:12:4 [SUCCESS-COW-HUT-SUCCESS!] info: Database connected successfully
